-------------------------------------------------------------------------------
Test set: com.example.demo.SmartCarApplicationTests
-------------------------------------------------------------------------------
Tests run: 1, Failures: 0, Errors: 1, Skipped: 0, Time elapsed: 0.425 s <<< FAILURE! - in com.example.demo.SmartCarApplicationTests
initializationError(com.example.demo.SmartCarApplicationTests)  Time elapsed: 0.007 s  <<< ERROR!
java.lang.IllegalStateException: Unable to find a @SpringBootConfiguration, you need to use @ContextConfiguration or @SpringBootTest(classes=...) with your test

