<?xml version="1.0" encoding="UTF-8"?>
<testsuite xmlns:xsi="http://www.w3.org/2001/XMLSchema-instance" xsi:noNamespaceSchemaLocation="https://maven.apache.org/surefire/maven-surefire-plugin/xsd/surefire-test-report.xsd" name="com.example.demo.SmartCarApplicationTests" time="0.425" tests="1" errors="1" skipped="0" failures="0">
  <properties>
[...]
</properties>
  <testcase name="initializationError" classname="com.example.demo.SmartCarApplicationTests" time="0.007">
    <error message="Unable to find a @SpringBootConfiguration, you need to use @ContextConfiguration or @SpringBootTest(classes=...) with your test" type="java.lang.IllegalStateException">java.lang.IllegalStateException: Unable to find a @SpringBootConfiguration, you need to use @ContextConfiguration or @SpringBootTest(classes=...) with your test
</error>
    <system-out><![CDATA[20:07:56.475 [main] DEBUG org.springframework.test.context.junit4.SpringJUnit4ClassRunner - SpringJUnit4ClassRunner constructor called with [class com.example.demo.SmartCarApplicationTests]
20:07:56.483 [main] DEBUG org.springframework.test.context.BootstrapUtils - Instantiating CacheAwareContextLoaderDelegate from class [org.springframework.test.context.cache.DefaultCacheAwareContextLoaderDelegate]
20:07:56.493 [main] DEBUG org.springframework.test.context.BootstrapUtils - Instantiating BootstrapContext using constructor [public org.springframework.test.context.support.DefaultBootstrapContext(java.lang.Class,org.springframework.test.context.CacheAwareContextLoaderDelegate)]
20:07:56.510 [main] DEBUG org.springframework.test.context.BootstrapUtils - Instantiating TestContextBootstrapper for test class [com.example.demo.SmartCarApplicationTests] from class [org.springframework.boot.test.context.SpringBootTestContextBootstrapper]
20:07:56.521 [main] INFO org.springframework.boot.test.context.SpringBootTestContextBootstrapper - Neither @ContextConfiguration nor @ContextHierarchy found for test class [com.example.demo.SmartCarApplicationTests], using SpringBootContextLoader
20:07:56.524 [main] DEBUG org.springframework.test.context.support.AbstractContextLoader - Did not detect default resource location for test class [com.example.demo.SmartCarApplicationTests]: class path resource [com/example/demo/SmartCarApplicationTests-context.xml] does not exist
20:07:56.525 [main] DEBUG org.springframework.test.context.support.AbstractContextLoader - Did not detect default resource location for test class [com.example.demo.SmartCarApplicationTests]: class path resource [com/example/demo/SmartCarApplicationTestsContext.groovy] does not exist
20:07:56.525 [main] INFO org.springframework.test.context.support.AbstractContextLoader - Could not detect default resource locations for test class [com.example.demo.SmartCarApplicationTests]: no resource found for suffixes {-context.xml, Context.groovy}.
20:07:56.527 [main] INFO org.springframework.test.context.support.AnnotationConfigContextLoaderUtils - Could not detect default configuration classes for test class [com.example.demo.SmartCarApplicationTests]: SmartCarApplicationTests does not declare any static, non-private, non-final, nested classes annotated with @Configuration.
20:07:56.569 [main] DEBUG org.springframework.test.context.support.ActiveProfilesUtils - Could not find an 'annotation declaring class' for annotation type [org.springframework.test.context.ActiveProfiles] and class [com.example.demo.SmartCarApplicationTests]
20:07:56.576 [main] DEBUG org.springframework.core.env.StandardEnvironment - Adding PropertySource 'systemProperties' with lowest search precedence
20:07:56.576 [main] DEBUG org.springframework.core.env.StandardEnvironment - Adding PropertySource 'systemEnvironment' with lowest search precedence
20:07:56.577 [main] DEBUG org.springframework.core.env.StandardEnvironment - Initialized StandardEnvironment with PropertySources [MapPropertySource@1545087375 {name='systemProperties', properties={java.runtime.name=Java(TM) SE Runtime Environment, sun.boot.library.path=/Library/Java/JavaVirtualMachines/jdk1.8.0_144.jdk/Contents/Home/jre/lib, java.vm.version=25.144-b01, gopherProxySet=false, java.vm.vendor=Oracle Corporation, java.vendor.url=http://java.oracle.com/, path.separator=:, java.vm.name=Java HotSpot(TM) 64-Bit Server VM, file.encoding.pkg=sun.io, user.country=US, sun.java.launcher=SUN_STANDARD, sun.os.patch.level=unknown, java.vm.specification.name=Java Virtual Machine Specification, user.dir=/Users/sanketsaurav/Workspaces/MSD-Team-Project/SmartCar, java.runtime.version=1.8.0_144-b01, basedir=/Users/sanketsaurav/Workspaces/MSD-Team-Project/SmartCar, java.awt.graphicsenv=sun.awt.CGraphicsEnvironment, java.endorsed.dirs=/Library/Java/JavaVirtualMachines/jdk1.8.0_144.jdk/Contents/Home/jre/lib/endorsed, os.arch=x86_64, surefire.real.class.path=/Users/sanketsaurav/Workspaces/MSD-Team-Project/SmartCar/target/surefire/surefirebooter1405874632051392564.jar, java.io.tmpdir=/var/folders/n7/21c0_nd13v97fprj51_tb3480000gn/T/, line.separator=
, java.vm.specification.vendor=Oracle Corporation, os.name=Mac OS X, sun.jnu.encoding=UTF-8, java.library.path=/Users/sanketsaurav/Library/Java/Extensions:/Library/Java/Extensions:/Network/Library/Java/Extensions:/System/Library/Java/Extensions:/usr/lib/java:., surefire.test.class.path=/Users/sanketsaurav/Workspaces/MSD-Team-Project/SmartCar/target/test-classes:/Users/sanketsaurav/Workspaces/MSD-Team-Project/SmartCar/target/classes:/Users/sanketsaurav/.m2/repository/org/springframework/boot/spring-boot-starter-web/2.0.5.RELEASE/spring-boot-starter-web-2.0.5.RELEASE.jar:/Users/sanketsaurav/.m2/repository/org/springframework/boot/spring-boot-starter/2.0.5.RELEASE/spring-boot-starter-2.0.5.RELEASE.jar:/Users/sanketsaurav/.m2/repository/org/springframework/boot/spring-boot/2.0.5.RELEASE/spring-boot-2.0.5.RELEASE.jar:/Users/sanketsaurav/.m2/repository/org/springframework/boot/spring-boot-autoconfigure/2.0.5.RELEASE/spring-boot-autoconfigure-2.0.5.RELEASE.jar:/Users/sanketsaurav/.m2/repository/org/springframework/boot/spring-boot-starter-logging/2.0.5.RELEASE/spring-boot-starter-logging-2.0.5.RELEASE.jar:/Users/sanketsaurav/.m2/repository/ch/qos/logback/logback-classic/1.2.3/logback-classic-1.2.3.jar:/Users/sanketsaurav/.m2/repository/ch/qos/logback/logback-core/1.2.3/logback-core-1.2.3.jar:/Users/sanketsaurav/.m2/repository/org/apache/logging/log4j/log4j-to-slf4j/2.10.0/log4j-to-slf4j-2.10.0.jar:/Users/sanketsaurav/.m2/repository/org/apache/logging/log4j/log4j-api/2.10.0/log4j-api-2.10.0.jar:/Users/sanketsaurav/.m2/repository/org/slf4j/jul-to-slf4j/1.7.25/jul-to-slf4j-1.7.25.jar:/Users/sanketsaurav/.m2/repository/org/yaml/snakeyaml/1.19/snakeyaml-1.19.jar:/Users/sanketsaurav/.m2/repository/org/springframework/boot/spring-boot-starter-json/2.0.5.RELEASE/spring-boot-starter-json-2.0.5.RELEASE.jar:/Users/sanketsaurav/.m2/repository/com/fasterxml/jackson/core/jackson-databind/2.9.6/jackson-databind-2.9.6.jar:/Users/sanketsaurav/.m2/repository/com/fasterxml/jackson/core/jackson-annotations/2.9.0/jackson-annotations-2.9.0.jar:/Users/sanketsaurav/.m2/repository/com/fasterxml/jackson/core/jackson-core/2.9.6/jackson-core-2.9.6.jar:/Users/sanketsaurav/.m2/repository/com/fasterxml/jackson/datatype/jackson-datatype-jdk8/2.9.6/jackson-datatype-jdk8-2.9.6.jar:/Users/sanketsaurav/.m2/repository/com/fasterxml/jackson/datatype/jackson-datatype-jsr310/2.9.6/jackson-datatype-jsr310-2.9.6.jar:/Users/sanketsaurav/.m2/repository/com/fasterxml/jackson/module/jackson-module-parameter-names/2.9.6/jackson-module-parameter-names-2.9.6.jar:/Users/sanketsaurav/.m2/repository/org/hibernate/validator/hibernate-validator/6.0.12.Final/hibernate-validator-6.0.12.Final.jar:/Users/sanketsaurav/.m2/repository/javax/validation/validation-api/2.0.1.Final/validation-api-2.0.1.Final.jar:/Users/sanketsaurav/.m2/repository/org/jboss/logging/jboss-logging/3.3.2.Final/jboss-logging-3.3.2.Final.jar:/Users/sanketsaurav/.m2/repository/com/fasterxml/classmate/1.3.4/classmate-1.3.4.jar:/Users/sanketsaurav/.m2/repository/org/springframework/spring-web/5.0.9.RELEASE/spring-web-5.0.9.RELEASE.jar:/Users/sanketsaurav/.m2/repository/org/springframework/spring-beans/5.0.9.RELEASE/spring-beans-5.0.9.RELEASE.jar:/Users/sanketsaurav/.m2/repository/org/springframework/spring-webmvc/5.0.9.RELEASE/spring-webmvc-5.0.9.RELEASE.jar:/Users/sanketsaurav/.m2/repository/org/springframework/spring-aop/5.0.9.RELEASE/spring-aop-5.0.9.RELEASE.jar:/Users/sanketsaurav/.m2/repository/org/springframework/spring-context/5.0.9.RELEASE/spring-context-5.0.9.RELEASE.jar:/Users/sanketsaurav/.m2/repository/org/springframework/spring-expression/5.0.9.RELEASE/spring-expression-5.0.9.RELEASE.jar:/Users/sanketsaurav/.m2/repository/org/springframework/boot/spring-boot-starter-tomcat/2.0.5.RELEASE/spring-boot-starter-tomcat-2.0.5.RELEASE.jar:/Users/sanketsaurav/.m2/repository/javax/annotation/javax.annotation-api/1.3.2/javax.annotation-api-1.3.2.jar:/Users/sanketsaurav/.m2/repository/org/apache/tomcat/embed/tomcat-embed-core/8.5.34/tomcat-embed-core-8.5.34.jar:/Users/sanketsaurav/.m2/repository/org/apache/tomcat/embed/tomcat-embed-el/8.5.34/tomcat-embed-el-8.5.34.jar:/Users/sanketsaurav/.m2/repository/org/apache/tomcat/embed/tomcat-embed-websocket/8.5.34/tomcat-embed-websocket-8.5.34.jar:/Users/sanketsaurav/.m2/repository/org/springframework/boot/spring-boot-starter-test/2.0.5.RELEASE/spring-boot-starter-test-2.0.5.RELEASE.jar:/Users/sanketsaurav/.m2/repository/org/springframework/boot/spring-boot-test/2.0.5.RELEASE/spring-boot-test-2.0.5.RELEASE.jar:/Users/sanketsaurav/.m2/repository/org/springframework/boot/spring-boot-test-autoconfigure/2.0.5.RELEASE/spring-boot-test-autoconfigure-2.0.5.RELEASE.jar:/Users/sanketsaurav/.m2/repository/com/jayway/jsonpath/json-path/2.4.0/json-path-2.4.0.jar:/Users/sanketsaurav/.m2/repository/net/minidev/json-smart/2.3/json-smart-2.3.jar:/Users/sanketsaurav/.m2/repository/net/minidev/accessors-smart/1.2/accessors-smart-1.2.jar:/Users/sanketsaurav/.m2/repository/org/ow2/asm/asm/5.0.4/asm-5.0.4.jar:/Users/sanketsaurav/.m2/repository/org/slf4j/slf4j-api/1.7.25/slf4j-api-1.7.25.jar:/Users/sanketsaurav/.m2/repository/junit/junit/4.12/junit-4.12.jar:/Users/sanketsaurav/.m2/repository/org/assertj/assertj-core/3.9.1/assertj-core-3.9.1.jar:/Users/sanketsaurav/.m2/repository/org/mockito/mockito-core/2.15.0/mockito-core-2.15.0.jar:/Users/sanketsaurav/.m2/repository/net/bytebuddy/byte-buddy/1.7.11/byte-buddy-1.7.11.jar:/Users/sanketsaurav/.m2/repository/net/bytebuddy/byte-buddy-agent/1.7.11/byte-buddy-agent-1.7.11.jar:/Users/sanketsaurav/.m2/repository/org/objenesis/objenesis/2.6/objenesis-2.6.jar:/Users/sanketsaurav/.m2/repository/org/hamcrest/hamcrest-core/1.3/hamcrest-core-1.3.jar:/Users/sanketsaurav/.m2/repository/org/hamcrest/hamcrest-library/1.3/hamcrest-library-1.3.jar:/Users/sanketsaurav/.m2/repository/org/skyscreamer/jsonassert/1.5.0/jsonassert-1.5.0.jar:/Users/sanketsaurav/.m2/repository/com/vaadin/external/google/android-json/0.0.20131108.vaadin1/android-json-0.0.20131108.vaadin1.jar:/Users/sanketsaurav/.m2/repository/org/springframework/spring-core/5.0.9.RELEASE/spring-core-5.0.9.RELEASE.jar:/Users/sanketsaurav/.m2/repository/org/springframework/spring-jcl/5.0.9.RELEASE/spring-jcl-5.0.9.RELEASE.jar:/Users/sanketsaurav/.m2/repository/org/springframework/spring-test/5.0.9.RELEASE/spring-test-5.0.9.RELEASE.jar:/Users/sanketsaurav/.m2/repository/org/xmlunit/xmlunit-core/2.5.1/xmlunit-core-2.5.1.jar:/Users/sanketsaurav/.m2/repository/com/google/code/gson/gson/2.8.5/gson-2.8.5.jar:, java.specification.name=Java Platform API Specification, java.class.version=52.0, sun.management.compiler=HotSpot 64-Bit Tiered Compilers, os.version=10.13.6, http.nonProxyHosts=local|*.local|169.254/16|*.169.254/16, user.home=/Users/sanketsaurav, user.timezone=America/New_York, java.awt.printerjob=sun.lwawt.macosx.CPrinterJob, file.encoding=UTF-8, java.specification.version=1.8, java.class.path=/Users/sanketsaurav/Workspaces/MSD-Team-Project/SmartCar/target/test-classes:/Users/sanketsaurav/Workspaces/MSD-Team-Project/SmartCar/target/classes:/Users/sanketsaurav/.m2/repository/org/springframework/boot/spring-boot-starter-web/2.0.5.RELEASE/spring-boot-starter-web-2.0.5.RELEASE.jar:/Users/sanketsaurav/.m2/repository/org/springframework/boot/spring-boot-starter/2.0.5.RELEASE/spring-boot-starter-2.0.5.RELEASE.jar:/Users/sanketsaurav/.m2/repository/org/springframework/boot/spring-boot/2.0.5.RELEASE/spring-boot-2.0.5.RELEASE.jar:/Users/sanketsaurav/.m2/repository/org/springframework/boot/spring-boot-autoconfigure/2.0.5.RELEASE/spring-boot-autoconfigure-2.0.5.RELEASE.jar:/Users/sanketsaurav/.m2/repository/org/springframework/boot/spring-boot-starter-logging/2.0.5.RELEASE/spring-boot-starter-logging-2.0.5.RELEASE.jar:/Users/sanketsaurav/.m2/repository/ch/qos/logback/logback-classic/1.2.3/logback-classic-1.2.3.jar:/Users/sanketsaurav/.m2/repository/ch/qos/logback/logback-core/1.2.3/logback-core-1.2.3.jar:/Users/sanketsaurav/.m2/repository/org/apache/logging/log4j/log4j-to-slf4j/2.10.0/log4j-to-slf4j-2.10.0.jar:/Users/sanketsaurav/.m2/repository/org/apache/logging/log4j/log4j-api/2.10.0/log4j-api-2.10.0.jar:/Users/sanketsaurav/.m2/repository/org/slf4j/jul-to-slf4j/1.7.25/jul-to-slf4j-1.7.25.jar:/Users/sanketsaurav/.m2/repository/org/yaml/snakeyaml/1.19/snakeyaml-1.19.jar:/Users/sanketsaurav/.m2/repository/org/springframework/boot/spring-boot-starter-json/2.0.5.RELEASE/spring-boot-starter-json-2.0.5.RELEASE.jar:/Users/sanketsaurav/.m2/repository/com/fasterxml/jackson/core/jackson-databind/2.9.6/jackson-databind-2.9.6.jar:/Users/sanketsaurav/.m2/repository/com/fasterxml/jackson/core/jackson-annotations/2.9.0/jackson-annotations-2.9.0.jar:/Users/sanketsaurav/.m2/repository/com/fasterxml/jackson/core/jackson-core/2.9.6/jackson-core-2.9.6.jar:/Users/sanketsaurav/.m2/repository/com/fasterxml/jackson/datatype/jackson-datatype-jdk8/2.9.6/jackson-datatype-jdk8-2.9.6.jar:/Users/sanketsaurav/.m2/repository/com/fasterxml/jackson/datatype/jackson-datatype-jsr310/2.9.6/jackson-datatype-jsr310-2.9.6.jar:/Users/sanketsaurav/.m2/repository/com/fasterxml/jackson/module/jackson-module-parameter-names/2.9.6/jackson-module-parameter-names-2.9.6.jar:/Users/sanketsaurav/.m2/repository/org/hibernate/validator/hibernate-validator/6.0.12.Final/hibernate-validator-6.0.12.Final.jar:/Users/sanketsaurav/.m2/repository/javax/validation/validation-api/2.0.1.Final/validation-api-2.0.1.Final.jar:/Users/sanketsaurav/.m2/repository/org/jboss/logging/jboss-logging/3.3.2.Final/jboss-logging-3.3.2.Final.jar:/Users/sanketsaurav/.m2/repository/com/fasterxml/classmate/1.3.4/classmate-1.3.4.jar:/Users/sanketsaurav/.m2/repository/org/springframework/spring-web/5.0.9.RELEASE/spring-web-5.0.9.RELEASE.jar:/Users/sanketsaurav/.m2/repository/org/springframework/spring-beans/5.0.9.RELEASE/spring-beans-5.0.9.RELEASE.jar:/Users/sanketsaurav/.m2/repository/org/springframework/spring-webmvc/5.0.9.RELEASE/spring-webmvc-5.0.9.RELEASE.jar:/Users/sanketsaurav/.m2/repository/org/springframework/spring-aop/5.0.9.RELEASE/spring-aop-5.0.9.RELEASE.jar:/Users/sanketsaurav/.m2/repository/org/springframework/spring-context/5.0.9.RELEASE/spring-context-5.0.9.RELEASE.jar:/Users/sanketsaurav/.m2/repository/org/springframework/spring-expression/5.0.9.RELEASE/spring-expression-5.0.9.RELEASE.jar:/Users/sanketsaurav/.m2/repository/org/springframework/boot/spring-boot-starter-tomcat/2.0.5.RELEASE/spring-boot-starter-tomcat-2.0.5.RELEASE.jar:/Users/sanketsaurav/.m2/repository/javax/annotation/javax.annotation-api/1.3.2/javax.annotation-api-1.3.2.jar:/Users/sanketsaurav/.m2/repository/org/apache/tomcat/embed/tomcat-embed-core/8.5.34/tomcat-embed-core-8.5.34.jar:/Users/sanketsaurav/.m2/repository/org/apache/tomcat/embed/tomcat-embed-el/8.5.34/tomcat-embed-el-8.5.34.jar:/Users/sanketsaurav/.m2/repository/org/apache/tomcat/embed/tomcat-embed-websocket/8.5.34/tomcat-embed-websocket-8.5.34.jar:/Users/sanketsaurav/.m2/repository/org/springframework/boot/spring-boot-starter-test/2.0.5.RELEASE/spring-boot-starter-test-2.0.5.RELEASE.jar:/Users/sanketsaurav/.m2/repository/org/springframework/boot/spring-boot-test/2.0.5.RELEASE/spring-boot-test-2.0.5.RELEASE.jar:/Users/sanketsaurav/.m2/repository/org/springframework/boot/spring-boot-test-autoconfigure/2.0.5.RELEASE/spring-boot-test-autoconfigure-2.0.5.RELEASE.jar:/Users/sanketsaurav/.m2/repository/com/jayway/jsonpath/json-path/2.4.0/json-path-2.4.0.jar:/Users/sanketsaurav/.m2/repository/net/minidev/json-smart/2.3/json-smart-2.3.jar:/Users/sanketsaurav/.m2/repository/net/minidev/accessors-smart/1.2/accessors-smart-1.2.jar:/Users/sanketsaurav/.m2/repository/org/ow2/asm/asm/5.0.4/asm-5.0.4.jar:/Users/sanketsaurav/.m2/repository/org/slf4j/slf4j-api/1.7.25/slf4j-api-1.7.25.jar:/Users/sanketsaurav/.m2/repository/junit/junit/4.12/junit-4.12.jar:/Users/sanketsaurav/.m2/repository/org/assertj/assertj-core/3.9.1/assertj-core-3.9.1.jar:/Users/sanketsaurav/.m2/repository/org/mockito/mockito-core/2.15.0/mockito-core-2.15.0.jar:/Users/sanketsaurav/.m2/repository/net/bytebuddy/byte-buddy/1.7.11/byte-buddy-1.7.11.jar:/Users/sanketsaurav/.m2/repository/net/bytebuddy/byte-buddy-agent/1.7.11/byte-buddy-agent-1.7.11.jar:/Users/sanketsaurav/.m2/repository/org/objenesis/objenesis/2.6/objenesis-2.6.jar:/Users/sanketsaurav/.m2/repository/org/hamcrest/hamcrest-core/1.3/hamcrest-core-1.3.jar:/Users/sanketsaurav/.m2/repository/org/hamcrest/hamcrest-library/1.3/hamcrest-library-1.3.jar:/Users/sanketsaurav/.m2/repository/org/skyscreamer/jsonassert/1.5.0/jsonassert-1.5.0.jar:/Users/sanketsaurav/.m2/repository/com/vaadin/external/google/android-json/0.0.20131108.vaadin1/android-json-0.0.20131108.vaadin1.jar:/Users/sanketsaurav/.m2/repository/org/springframework/spring-core/5.0.9.RELEASE/spring-core-5.0.9.RELEASE.jar:/Users/sanketsaurav/.m2/repository/org/springframework/spring-jcl/5.0.9.RELEASE/spring-jcl-5.0.9.RELEASE.jar:/Users/sanketsaurav/.m2/repository/org/springframework/spring-test/5.0.9.RELEASE/spring-test-5.0.9.RELEASE.jar:/Users/sanketsaurav/.m2/repository/org/xmlunit/xmlunit-core/2.5.1/xmlunit-core-2.5.1.jar:/Users/sanketsaurav/.m2/repository/com/google/code/gson/gson/2.8.5/gson-2.8.5.jar:, user.name=sanketsaurav, java.vm.specification.version=1.8, sun.java.command=/Users/sanketsaurav/Workspaces/MSD-Team-Project/SmartCar/target/surefire/surefirebooter1405874632051392564.jar /Users/sanketsaurav/Workspaces/MSD-Team-Project/SmartCar/target/surefire 2018-09-20T20-07-55_796-jvmRun1 surefire8007930882988445059tmp surefire_0252640083839886245tmp, java.home=/Library/Java/JavaVirtualMachines/jdk1.8.0_144.jdk/Contents/Home/jre, sun.arch.data.model=64, user.language=en, java.specification.vendor=Oracle Corporation, awt.toolkit=sun.lwawt.macosx.LWCToolkit, java.vm.info=mixed mode, java.version=1.8.0_144, java.ext.dirs=/Users/sanketsaurav/Library/Java/Extensions:/Library/Java/JavaVirtualMachines/jdk1.8.0_144.jdk/Contents/Home/jre/lib/ext:/Library/Java/Extensions:/Network/Library/Java/Extensions:/System/Library/Java/Extensions:/usr/lib/java, sun.boot.class.path=/Library/Java/JavaVirtualMachines/jdk1.8.0_144.jdk/Contents/Home/jre/lib/resources.jar:/Library/Java/JavaVirtualMachines/jdk1.8.0_144.jdk/Contents/Home/jre/lib/rt.jar:/Library/Java/JavaVirtualMachines/jdk1.8.0_144.jdk/Contents/Home/jre/lib/sunrsasign.jar:/Library/Java/JavaVirtualMachines/jdk1.8.0_144.jdk/Contents/Home/jre/lib/jsse.jar:/Library/Java/JavaVirtualMachines/jdk1.8.0_144.jdk/Contents/Home/jre/lib/jce.jar:/Library/Java/JavaVirtualMachines/jdk1.8.0_144.jdk/Contents/Home/jre/lib/charsets.jar:/Library/Java/JavaVirtualMachines/jdk1.8.0_144.jdk/Contents/Home/jre/lib/jfr.jar:/Library/Java/JavaVirtualMachines/jdk1.8.0_144.jdk/Contents/Home/jre/classes, java.vendor=Oracle Corporation, localRepository=/Users/sanketsaurav/.m2/repository, file.separator=/, java.vendor.url.bug=http://bugreport.sun.com/bugreport/, sun.io.unicode.encoding=UnicodeBig, sun.cpu.endian=little, socksNonProxyHosts=local|*.local|169.254/16|*.169.254/16, ftp.nonProxyHosts=local|*.local|169.254/16|*.169.254/16, sun.cpu.isalist=}}, SystemEnvironmentPropertySource@838411509 {name='systemEnvironment', properties={APP_ICON_12165=../Resources/Eclipse.icns, PATH=/usr/bin:/bin:/usr/sbin:/sbin, SHELL=/usr/local/bin/fish, OLDPWD=/Users/sanketsaurav/Workspaces/MSD-Team-Project/SmartCar, APP_ICON_10850=../Resources/Eclipse.icns, JAVA_STARTED_ON_FIRST_THREAD_10880=1, USER=sanketsaurav, APP_ICON_10880=../Resources/Eclipse.icns, JAVA_STARTED_ON_FIRST_THREAD_10850=1, TMPDIR=/var/folders/n7/21c0_nd13v97fprj51_tb3480000gn/T/, SSH_AUTH_SOCK=/private/tmp/com.apple.launchd.uNrWoVzU6o/Listeners, JAVA_STARTED_ON_FIRST_THREAD_12165=1, XPC_FLAGS=0x0, APP_ICON_10900=../Resources/Eclipse.icns, __CF_USER_TEXT_ENCODING=0x1F5:0x0:0x0, JAVA_MAIN_CLASS_12181=org.codehaus.plexus.classworlds.launcher.Launcher, Apple_PubSub_Socket_Render=/private/tmp/com.apple.launchd.PVLFIUdQha/Render, JAVA_MAIN_CLASS_12183=org.apache.maven.surefire.booter.ForkedBooter, LOGNAME=sanketsaurav, XPC_SERVICE_NAME=0, PWD=/Users/sanketsaurav/Workspaces/MSD-Team-Project/SmartCar, HOME=/Users/sanketsaurav, SHLVL=1, _=/Library/Java/JavaVirtualMachines/jdk1.8.0_144.jdk/Contents/Home/jre/bin/java}}]
20:07:56.623 [main] DEBUG org.springframework.core.io.support.PathMatchingResourcePatternResolver - Resolved classpath location [com/example/demo/] to resources [URL [file:/Users/sanketsaurav/Workspaces/MSD-Team-Project/SmartCar/target/test-classes/com/example/demo/]]
20:07:56.624 [main] DEBUG org.springframework.core.io.support.PathMatchingResourcePatternResolver - Looking for matching resources in directory tree [/Users/sanketsaurav/Workspaces/MSD-Team-Project/SmartCar/target/test-classes/com/example/demo]
20:07:56.624 [main] DEBUG org.springframework.core.io.support.PathMatchingResourcePatternResolver - Searching directory [/Users/sanketsaurav/Workspaces/MSD-Team-Project/SmartCar/target/test-classes/com/example/demo] for files matching pattern [/Users/sanketsaurav/Workspaces/MSD-Team-Project/SmartCar/target/test-classes/com/example/demo/*.class]
20:07:56.630 [main] DEBUG org.springframework.core.io.support.PathMatchingResourcePatternResolver - Resolved location pattern [classpath*:com/example/demo/*.class] to resources [file [/Users/sanketsaurav/Workspaces/MSD-Team-Project/SmartCar/target/test-classes/com/example/demo/SmartCarApplicationTests.class]]
20:07:56.676 [main] DEBUG org.springframework.core.io.support.PathMatchingResourcePatternResolver - Resolved classpath location [com/example/] to resources [URL [file:/Users/sanketsaurav/Workspaces/MSD-Team-Project/SmartCar/target/test-classes/com/example/]]
20:07:56.677 [main] DEBUG org.springframework.core.io.support.PathMatchingResourcePatternResolver - Looking for matching resources in directory tree [/Users/sanketsaurav/Workspaces/MSD-Team-Project/SmartCar/target/test-classes/com/example]
20:07:56.677 [main] DEBUG org.springframework.core.io.support.PathMatchingResourcePatternResolver - Searching directory [/Users/sanketsaurav/Workspaces/MSD-Team-Project/SmartCar/target/test-classes/com/example] for files matching pattern [/Users/sanketsaurav/Workspaces/MSD-Team-Project/SmartCar/target/test-classes/com/example/*.class]
20:07:56.677 [main] DEBUG org.springframework.core.io.support.PathMatchingResourcePatternResolver - Resolved location pattern [classpath*:com/example/*.class] to resources []
20:07:56.679 [main] DEBUG org.springframework.core.io.support.PathMatchingResourcePatternResolver - Resolved classpath location [com/] to resources [URL [jar:file:/System/Library/Java/Extensions/MRJToolkit.jar!/com/], URL [file:/Users/sanketsaurav/Workspaces/MSD-Team-Project/SmartCar/target/test-classes/com/], URL [file:/Users/sanketsaurav/Workspaces/MSD-Team-Project/SmartCar/target/classes/com/], URL [jar:file:/Users/sanketsaurav/.m2/repository/com/fasterxml/jackson/core/jackson-databind/2.9.6/jackson-databind-2.9.6.jar!/com/], URL [jar:file:/Users/sanketsaurav/.m2/repository/com/fasterxml/jackson/core/jackson-annotations/2.9.0/jackson-annotations-2.9.0.jar!/com/], URL [jar:file:/Users/sanketsaurav/.m2/repository/com/fasterxml/jackson/core/jackson-core/2.9.6/jackson-core-2.9.6.jar!/com/], URL [jar:file:/Users/sanketsaurav/.m2/repository/com/fasterxml/jackson/datatype/jackson-datatype-jdk8/2.9.6/jackson-datatype-jdk8-2.9.6.jar!/com/], URL [jar:file:/Users/sanketsaurav/.m2/repository/com/fasterxml/jackson/datatype/jackson-datatype-jsr310/2.9.6/jackson-datatype-jsr310-2.9.6.jar!/com/], URL [jar:file:/Users/sanketsaurav/.m2/repository/com/fasterxml/jackson/module/jackson-module-parameter-names/2.9.6/jackson-module-parameter-names-2.9.6.jar!/com/], URL [jar:file:/Users/sanketsaurav/.m2/repository/com/fasterxml/classmate/1.3.4/classmate-1.3.4.jar!/com/], URL [jar:file:/Users/sanketsaurav/.m2/repository/com/jayway/jsonpath/json-path/2.4.0/json-path-2.4.0.jar!/com/], URL [jar:file:/Users/sanketsaurav/.m2/repository/com/google/code/gson/gson/2.8.5/gson-2.8.5.jar!/com/]]
20:07:56.679 [main] DEBUG org.springframework.core.io.support.PathMatchingResourcePatternResolver - Looking for matching resources in jar file [file:/System/Library/Java/Extensions/MRJToolkit.jar]
20:07:56.680 [main] DEBUG org.springframework.core.io.support.PathMatchingResourcePatternResolver - Looking for matching resources in directory tree [/Users/sanketsaurav/Workspaces/MSD-Team-Project/SmartCar/target/test-classes/com]
20:07:56.680 [main] DEBUG org.springframework.core.io.support.PathMatchingResourcePatternResolver - Searching directory [/Users/sanketsaurav/Workspaces/MSD-Team-Project/SmartCar/target/test-classes/com] for files matching pattern [/Users/sanketsaurav/Workspaces/MSD-Team-Project/SmartCar/target/test-classes/com/*.class]
20:07:56.681 [main] DEBUG org.springframework.core.io.support.PathMatchingResourcePatternResolver - Looking for matching resources in directory tree [/Users/sanketsaurav/Workspaces/MSD-Team-Project/SmartCar/target/classes/com]
20:07:56.681 [main] DEBUG org.springframework.core.io.support.PathMatchingResourcePatternResolver - Searching directory [/Users/sanketsaurav/Workspaces/MSD-Team-Project/SmartCar/target/classes/com] for files matching pattern [/Users/sanketsaurav/Workspaces/MSD-Team-Project/SmartCar/target/classes/com/*.class]
20:07:56.682 [main] DEBUG org.springframework.core.io.support.PathMatchingResourcePatternResolver - Looking for matching resources in jar file [file:/Users/sanketsaurav/.m2/repository/com/fasterxml/jackson/core/jackson-databind/2.9.6/jackson-databind-2.9.6.jar]
20:07:56.704 [main] DEBUG org.springframework.core.io.support.PathMatchingResourcePatternResolver - Looking for matching resources in jar file [file:/Users/sanketsaurav/.m2/repository/com/fasterxml/jackson/core/jackson-annotations/2.9.0/jackson-annotations-2.9.0.jar]
20:07:56.704 [main] DEBUG org.springframework.core.io.support.PathMatchingResourcePatternResolver - Looking for matching resources in jar file [file:/Users/sanketsaurav/.m2/repository/com/fasterxml/jackson/core/jackson-core/2.9.6/jackson-core-2.9.6.jar]
20:07:56.709 [main] DEBUG org.springframework.core.io.support.PathMatchingResourcePatternResolver - Looking for matching resources in jar file [file:/Users/sanketsaurav/.m2/repository/com/fasterxml/jackson/datatype/jackson-datatype-jdk8/2.9.6/jackson-datatype-jdk8-2.9.6.jar]
20:07:56.712 [main] DEBUG org.springframework.core.io.support.PathMatchingResourcePatternResolver - Looking for matching resources in jar file [file:/Users/sanketsaurav/.m2/repository/com/fasterxml/jackson/datatype/jackson-datatype-jsr310/2.9.6/jackson-datatype-jsr310-2.9.6.jar]
20:07:56.713 [main] DEBUG org.springframework.core.io.support.PathMatchingResourcePatternResolver - Looking for matching resources in jar file [file:/Users/sanketsaurav/.m2/repository/com/fasterxml/jackson/module/jackson-module-parameter-names/2.9.6/jackson-module-parameter-names-2.9.6.jar]
20:07:56.715 [main] DEBUG org.springframework.core.io.support.PathMatchingResourcePatternResolver - Looking for matching resources in jar file [file:/Users/sanketsaurav/.m2/repository/com/fasterxml/classmate/1.3.4/classmate-1.3.4.jar]
20:07:56.719 [main] DEBUG org.springframework.core.io.support.PathMatchingResourcePatternResolver - Looking for matching resources in jar file [file:/Users/sanketsaurav/.m2/repository/com/jayway/jsonpath/json-path/2.4.0/json-path-2.4.0.jar]
20:07:56.720 [main] DEBUG org.springframework.core.io.support.PathMatchingResourcePatternResolver - Looking for matching resources in jar file [file:/Users/sanketsaurav/.m2/repository/com/google/code/gson/gson/2.8.5/gson-2.8.5.jar]
20:07:56.722 [main] DEBUG org.springframework.core.io.support.PathMatchingResourcePatternResolver - Resolved location pattern [classpath*:com/*.class] to resources []
]]></system-out>
  </testcase>
</testsuite>